Warning: QPainter::begin: Paint device returned engine == 0, type: 1
Warning: QPainter::setPen: Painter not active
Warning: QPainter::setBrush: Painter not active
Warning: QPainter::setRenderHint: Painter must be active to set rendering hints
Warning: QPainter::setPen: Painter not active
Debug: "16:47:56 c:\anthill_jobs\job504524\fmod4\tools\fmod_designer\src\eventform.ui.h:1983 CG: Paste Event" 
Debug: "16:48:11 ..\..\src\propertyeditor.cpp:1508 EM: Set Name" 
Debug: "16:48:14 ..\..\src\simpleeventcontroller.cpp:1310 IR: Remove Sounds from Playlist" 
Debug: "16:48:19 ..\..\src\propertyeditor.cpp:2619 EO: Set x 3D Max Distance" 
Debug: "16:48:31 ..\..\src\simpleeventcontroller.cpp:1734 IS: Add Sounds to Playlist" 
Debug: "16:49:43 ..\..\src\simpleeventcontroller.cpp:782 HZ: Set Polyphony" 
Debug: "16:49:59 ..\..\src\simpleeventcontroller.cpp:606 HV: Set Playback Mode" 
Debug: "16:50:08 ..\..\src\simpleeventcontroller.cpp:933 IC: Set Max Grain Interval" 
Debug: "16:50:08 ..\..\src\simpleeventcontroller.cpp:933 IC: Set Max Grain Interval" 
Debug: "16:50:08 ..\..\src\simpleeventcontroller.cpp:933 IC: Set Max Grain Interval" 
Debug: "16:50:08 ..\..\src\simpleeventcontroller.cpp:933 IC: Set Max Grain Interval" 
Debug: "16:50:08 ..\..\src\simpleeventcontroller.cpp:933 IC: Set Max Grain Interval" 
Debug: "16:50:08 ..\..\src\simpleeventcontroller.cpp:933 IC: Set Max Grain Interval" 
Debug: "16:50:08 ..\..\src\simpleeventcontroller.cpp:933 IC: Set Max Grain Interval" 
Debug: "16:50:08 ..\..\src\simpleeventcontroller.cpp:933 IC: Set Max Grain Interval" 
Debug: "16:50:08 ..\..\src\simpleeventcontroller.cpp:933 IC: Set Max Grain Interval" 
Debug: "16:50:08 ..\..\src\simpleeventcontroller.cpp:933 IC: Set Max Grain Interval" 
Debug: "16:50:08 ..\..\src\simpleeventcontroller.cpp:933 IC: Set Max Grain Interval" 
Debug: "16:50:08 ..\..\src\simpleeventcontroller.cpp:933 IC: Set Max Grain Interval" 
Debug: "16:50:08 ..\..\src\simpleeventcontroller.cpp:933 IC: Set Max Grain Interval" 
Debug: "16:50:08 ..\..\src\simpleeventcontroller.cpp:933 IC: Set Max Grain Interval" 
Debug: "16:50:08 ..\..\src\simpleeventcontroller.cpp:933 IC: Set Max Grain Interval" 
Debug: "16:50:08 ..\..\src\simpleeventcontroller.cpp:933 IC: Set Max Grain Interval" 
Debug: "16:50:08 ..\..\src\simpleeventcontroller.cpp:933 IC: Set Max Grain Interval" 
Debug: "16:50:08 ..\..\src\simpleeventcontroller.cpp:933 IC: Set Max Grain Interval" 
Debug: "16:50:08 ..\..\src\simpleeventcontroller.cpp:933 IC: Set Max Grain Interval" 
Debug: "16:50:08 ..\..\src\simpleeventcontroller.cpp:933 IC: Set Max Grain Interval" 
Debug: "16:50:08 ..\..\src\simpleeventcontroller.cpp:933 IC: Set Max Grain Interval" 
Debug: "16:50:08 ..\..\src\simpleeventcontroller.cpp:933 IC: Set Max Grain Interval" 
Debug: "16:50:08 ..\..\src\simpleeventcontroller.cpp:933 IC: Set Max Grain Interval" 
Debug: "16:50:08 ..\..\src\simpleeventcontroller.cpp:933 IC: Set Max Grain Interval" 
Debug: "16:50:08 ..\..\src\simpleeventcontroller.cpp:933 IC: Set Max Grain Interval" 
Debug: "16:50:08 ..\..\src\simpleeventcontroller.cpp:933 IC: Set Max Grain Interval" 
Debug: "16:50:08 ..\..\src\simpleeventcontroller.cpp:933 IC: Set Max Grain Interval" 
Debug: "16:50:08 ..\..\src\simpleeventcontroller.cpp:933 IC: Set Max Grain Interval" 
Debug: "16:50:08 ..\..\src\simpleeventcontroller.cpp:933 IC: Set Max Grain Interval" 
Debug: "16:50:08 ..\..\src\simpleeventcontroller.cpp:933 IC: Set Max Grain Interval" 
Debug: "16:50:08 ..\..\src\simpleeventcontroller.cpp:933 IC: Set Max Grain Interval" 
Debug: "16:50:08 ..\..\src\simpleeventcontroller.cpp:933 IC: Set Max Grain Interval" 
Debug: "16:50:08 ..\..\src\simpleeventcontroller.cpp:933 IC: Set Max Grain Interval" 
Debug: "16:50:08 ..\..\src\simpleeventcontroller.cpp:933 IC: Set Max Grain Interval" 
Debug: "16:50:08 ..\..\src\simpleeventcontroller.cpp:933 IC: Set Max Grain Interval" 
Debug: "16:50:08 ..\..\src\simpleeventcontroller.cpp:933 IC: Set Max Grain Interval" 
Debug: "16:50:08 ..\..\src\simpleeventcontroller.cpp:933 IC: Set Max Grain Interval" 
Debug: "16:50:08 ..\..\src\simpleeventcontroller.cpp:933 IC: Set Max Grain Interval" 
Debug: "16:50:17 ..\..\src\simpleeventcontroller.cpp:1006 IE: Set Allow Sounds to be Repeated" 
Debug: "16:50:23 ..\..\src\simpleeventcontroller.cpp:933 IC: Set Max Grain Interval" 
Debug: "16:50:23 ..\..\src\simpleeventcontroller.cpp:933 IC: Set Max Grain Interval" 
Debug: "16:50:23 ..\..\src\simpleeventcontroller.cpp:933 IC: Set Max Grain Interval" 
Debug: "16:50:23 ..\..\src\simpleeventcontroller.cpp:933 IC: Set Max Grain Interval" 
Debug: "16:50:23 ..\..\src\simpleeventcontroller.cpp:933 IC: Set Max Grain Interval" 
Debug: "16:50:23 ..\..\src\simpleeventcontroller.cpp:933 IC: Set Max Grain Interval" 
Debug: "16:50:23 ..\..\src\simpleeventcontroller.cpp:933 IC: Set Max Grain Interval" 
Debug: "16:50:23 ..\..\src\simpleeventcontroller.cpp:933 IC: Set Max Grain Interval" 
Debug: "16:50:23 ..\..\src\simpleeventcontroller.cpp:933 IC: Set Max Grain Interval" 
Debug: "16:50:23 ..\..\src\simpleeventcontroller.cpp:933 IC: Set Max Grain Interval" 
Debug: "16:50:23 ..\..\src\simpleeventcontroller.cpp:933 IC: Set Max Grain Interval" 
Debug: "16:50:23 ..\..\src\simpleeventcontroller.cpp:933 IC: Set Max Grain Interval" 
Debug: "16:50:23 ..\..\src\simpleeventcontroller.cpp:933 IC: Set Max Grain Interval" 
Debug: "16:50:23 ..\..\src\simpleeventcontroller.cpp:933 IC: Set Max Grain Interval" 
Debug: "16:50:23 ..\..\src\simpleeventcontroller.cpp:933 IC: Set Max Grain Interval" 
Debug: "16:50:23 ..\..\src\simpleeventcontroller.cpp:933 IC: Set Max Grain Interval" 
Debug: "16:50:23 ..\..\src\simpleeventcontroller.cpp:933 IC: Set Max Grain Interval" 
Debug: "16:50:23 ..\..\src\simpleeventcontroller.cpp:933 IC: Set Max Grain Interval" 
Debug: "16:50:23 ..\..\src\simpleeventcontroller.cpp:933 IC: Set Max Grain Interval" 
Debug: "16:50:23 ..\..\src\simpleeventcontroller.cpp:933 IC: Set Max Grain Interval" 
Debug: "16:50:23 ..\..\src\simpleeventcontroller.cpp:933 IC: Set Max Grain Interval" 
Debug: "16:50:23 ..\..\src\simpleeventcontroller.cpp:933 IC: Set Max Grain Interval" 
Debug: "16:50:23 ..\..\src\simpleeventcontroller.cpp:933 IC: Set Max Grain Interval" 
Debug: "16:50:30 ..\..\src\simpleeventcontroller.cpp:933 IC: Set Max Grain Interval" 
Debug: "16:50:30 ..\..\src\simpleeventcontroller.cpp:933 IC: Set Max Grain Interval" 
Debug: "16:50:30 ..\..\src\simpleeventcontroller.cpp:933 IC: Set Max Grain Interval" 
Debug: "16:50:30 ..\..\src\simpleeventcontroller.cpp:933 IC: Set Max Grain Interval" 
Debug: "16:50:30 ..\..\src\simpleeventcontroller.cpp:933 IC: Set Max Grain Interval" 
Debug: "16:50:30 ..\..\src\simpleeventcontroller.cpp:933 IC: Set Max Grain Interval" 
Debug: "16:51:07 ..\..\src\simpleeventcontroller.cpp:933 IC: Set Max Grain Interval" 
Debug: "16:51:07 ..\..\src\simpleeventcontroller.cpp:933 IC: Set Max Grain Interval" 
Debug: "16:51:07 ..\..\src\simpleeventcontroller.cpp:933 IC: Set Max Grain Interval" 
Debug: "16:51:07 ..\..\src\simpleeventcontroller.cpp:933 IC: Set Max Grain Interval" 
Debug: "16:51:07 ..\..\src\simpleeventcontroller.cpp:933 IC: Set Max Grain Interval" 
Debug: "16:53:34 ..\..\src\simpleeventcontroller.cpp:933 IC: Set Max Grain Interval" 
Debug: "16:53:34 ..\..\src\simpleeventcontroller.cpp:933 IC: Set Max Grain Interval" 
Debug: "16:53:34 ..\..\src\simpleeventcontroller.cpp:933 IC: Set Max Grain Interval" 
Debug: "16:53:34 ..\..\src\simpleeventcontroller.cpp:933 IC: Set Max Grain Interval" 
Debug: "16:53:34 ..\..\src\simpleeventcontroller.cpp:933 IC: Set Max Grain Interval" 
Debug: "16:54:21 ..\..\src\propertyslider.cpp:315 EV: Set Reverb Wet Level" 
Debug: "16:54:21 ..\..\src\propertyslider.cpp:315 EV: Set Reverb Wet Level" 
Debug: "16:54:23 ..\..\src\propertyslider.cpp:315 EV: Set Reverb Wet Level" 
Debug: "16:54:23 ..\..\src\propertyslider.cpp:315 EV: Set Reverb Wet Level" 
Debug: "16:54:23 ..\..\src\propertyslider.cpp:315 EV: Set Reverb Wet Level" 
Debug: "16:54:23 ..\..\src\propertyslider.cpp:315 EV: Set Reverb Wet Level" 
Debug: "16:54:28 ..\..\src\propertyslider.cpp:315 EV: Set Reverb Wet Level" 
Debug: "16:54:28 ..\..\src\propertyslider.cpp:315 EV: Set Reverb Wet Level" 
Debug: "16:54:28 ..\..\src\propertyslider.cpp:315 EV: Set Reverb Wet Level" 
Debug: "16:54:28 ..\..\src\propertyslider.cpp:315 EV: Set Reverb Wet Level" 
Debug: "16:54:28 ..\..\src\propertyslider.cpp:315 EV: Set Reverb Wet Level" 
Debug: "16:54:28 ..\..\src\propertyslider.cpp:315 EV: Set Reverb Wet Level" 
Debug: "16:54:28 ..\..\src\propertyslider.cpp:315 EV: Set Reverb Wet Level" 
Debug: "16:54:28 ..\..\src\propertyslider.cpp:315 EV: Set Reverb Wet Level" 
Debug: "16:54:28 ..\..\src\propertyslider.cpp:315 EV: Set Reverb Wet Level" 
Debug: "16:54:28 ..\..\src\propertyslider.cpp:315 EV: Set Reverb Wet Level" 
Debug: "16:54:28 ..\..\src\propertyslider.cpp:315 EV: Set Reverb Wet Level" 
Debug: "16:54:28 ..\..\src\propertyslider.cpp:315 EV: Set Reverb Wet Level" 
Debug: "16:54:28 ..\..\src\propertyslider.cpp:315 EV: Set Reverb Wet Level" 
Debug: "16:54:28 ..\..\src\propertyslider.cpp:315 EV: Set Reverb Wet Level" 
Debug: "16:54:28 ..\..\src\propertyslider.cpp:315 EV: Set Reverb Wet Level" 
Debug: "16:54:28 ..\..\src\propertyslider.cpp:315 EV: Set Reverb Wet Level" 
Debug: "16:54:28 ..\..\src\propertyslider.cpp:315 EV: Set Reverb Wet Level" 
Debug: "16:54:28 ..\..\src\propertyslider.cpp:315 EV: Set Reverb Wet Level" 
Debug: "16:54:28 ..\..\src\propertyslider.cpp:315 EV: Set Reverb Wet Level" 
Debug: "16:54:28 ..\..\src\propertyslider.cpp:315 EV: Set Reverb Wet Level" 
Debug: "16:54:28 ..\..\src\propertyslider.cpp:315 EV: Set Reverb Wet Level" 
Debug: "16:54:28 ..\..\src\propertyslider.cpp:315 EV: Set Reverb Wet Level" 
Debug: "16:54:28 ..\..\src\propertyslider.cpp:315 EV: Set Reverb Wet Level" 
Debug: "16:54:28 ..\..\src\propertyslider.cpp:315 EV: Set Reverb Wet Level" 
Debug: "16:54:28 ..\..\src\propertyslider.cpp:315 EV: Set Reverb Wet Level" 
Debug: "16:54:28 ..\..\src\propertyslider.cpp:315 EV: Set Reverb Wet Level" 
Debug: "16:54:28 ..\..\src\propertyslider.cpp:315 EV: Set Reverb Wet Level" 
Debug: "16:54:28 ..\..\src\propertyslider.cpp:315 EV: Set Reverb Wet Level" 
Debug: "16:54:28 ..\..\src\propertyslider.cpp:315 EV: Set Reverb Wet Level" 
Debug: "16:54:28 ..\..\src\propertyslider.cpp:315 EV: Set Reverb Wet Level" 
Debug: "16:54:28 ..\..\src\propertyslider.cpp:315 EV: Set Reverb Wet Level" 
Debug: "16:54:28 ..\..\src\propertyslider.cpp:315 EV: Set Reverb Wet Level" 
Debug: "16:54:28 ..\..\src\propertyslider.cpp:315 EV: Set Reverb Wet Level" 
Debug: "16:54:28 ..\..\src\propertyslider.cpp:315 EV: Set Reverb Wet Level" 
Debug: "16:54:28 ..\..\src\propertyslider.cpp:315 EV: Set Reverb Wet Level" 
Debug: "16:54:28 ..\..\src\propertyslider.cpp:315 EV: Set Reverb Wet Level" 
Debug: "16:54:28 ..\..\src\propertyslider.cpp:315 EV: Set Reverb Wet Level" 
Debug: "16:54:28 ..\..\src\propertyslider.cpp:315 EV: Set Reverb Wet Level" 
Debug: "16:54:28 ..\..\src\propertyslider.cpp:315 EV: Set Reverb Wet Level" 
Debug: "16:54:28 ..\..\src\propertyslider.cpp:315 EV: Set Reverb Wet Level" 
Debug: "16:54:28 ..\..\src\propertyslider.cpp:315 EV: Set Reverb Wet Level" 
Debug: "16:54:28 ..\..\src\propertyslider.cpp:315 EV: Set Reverb Wet Level" 
Debug: "16:54:28 ..\..\src\propertyslider.cpp:315 EV: Set Reverb Wet Level" 
Debug: "16:54:28 ..\..\src\propertyslider.cpp:315 EV: Set Reverb Wet Level" 
Debug: "16:54:28 ..\..\src\propertyslider.cpp:315 EV: Set Reverb Wet Level" 
Debug: "16:54:28 ..\..\src\propertyslider.cpp:315 EV: Set Reverb Wet Level" 
Debug: "16:54:28 ..\..\src\propertyslider.cpp:315 EV: Set Reverb Wet Level" 
Debug: "16:54:28 ..\..\src\propertyslider.cpp:315 EV: Set Reverb Wet Level" 
Debug: "16:54:28 ..\..\src\propertyslider.cpp:315 EV: Set Reverb Wet Level" 
Debug: "16:54:28 ..\..\src\propertyslider.cpp:315 EV: Set Reverb Wet Level" 
Debug: "16:54:29 ..\..\src\propertyslider.cpp:315 EV: Set Reverb Wet Level" 
Debug: "16:54:29 ..\..\src\propertyslider.cpp:315 EV: Set Reverb Wet Level" 
Debug: "16:54:29 ..\..\src\propertyslider.cpp:315 EV: Set Reverb Wet Level" 
Debug: "16:54:29 ..\..\src\propertyslider.cpp:315 EV: Set Reverb Wet Level" 
Debug: "16:54:29 ..\..\src\propertyslider.cpp:315 EV: Set Reverb Wet Level" 
Debug: "16:54:29 ..\..\src\propertyslider.cpp:315 EV: Set Reverb Wet Level" 
Debug: "16:54:29 ..\..\src\propertyslider.cpp:315 EV: Set Reverb Wet Level" 
Debug: "16:54:29 ..\..\src\propertyslider.cpp:315 EV: Set Reverb Wet Level" 
Debug: "16:54:29 ..\..\src\propertyslider.cpp:315 EV: Set Reverb Wet Level" 
Debug: "16:54:29 ..\..\src\propertyslider.cpp:315 EV: Set Reverb Wet Level" 
Debug: "16:54:29 ..\..\src\propertyslider.cpp:315 EV: Set Reverb Wet Level" 
Debug: "16:54:29 ..\..\src\propertyslider.cpp:315 EV: Set Reverb Wet Level" 
Debug: "16:54:29 ..\..\src\propertyslider.cpp:315 EV: Set Reverb Wet Level" 
Debug: "16:54:29 ..\..\src\propertyslider.cpp:315 EV: Set Reverb Wet Level" 
Debug: "16:54:29 ..\..\src\propertyslider.cpp:315 EV: Set Reverb Wet Level" 
Debug: "16:54:29 ..\..\src\propertyslider.cpp:315 EV: Set Reverb Wet Level" 
Debug: "16:54:29 ..\..\src\propertyslider.cpp:315 EV: Set Reverb Wet Level" 
Debug: "16:54:29 ..\..\src\propertyslider.cpp:315 EV: Set Reverb Wet Level" 
Debug: "16:54:29 ..\..\src\propertyslider.cpp:315 EV: Set Reverb Wet Level" 
Debug: "16:54:29 ..\..\src\propertyslider.cpp:315 EV: Set Reverb Wet Level" 
Debug: "16:54:29 ..\..\src\propertyslider.cpp:315 EV: Set Reverb Wet Level" 
Debug: "16:54:29 ..\..\src\propertyslider.cpp:315 EV: Set Reverb Wet Level" 
Debug: "16:54:29 ..\..\src\propertyslider.cpp:315 EV: Set Reverb Wet Level" 
Debug: "16:54:29 ..\..\src\propertyslider.cpp:315 EV: Set Reverb Wet Level" 
Debug: "16:54:29 ..\..\src\propertyslider.cpp:315 EV: Set Reverb Wet Level" 
Debug: "16:54:29 ..\..\src\propertyslider.cpp:315 EV: Set Reverb Wet Level" 
Debug: "16:54:29 ..\..\src\propertyslider.cpp:315 EV: Set Reverb Wet Level" 
Debug: "16:54:29 ..\..\src\propertyslider.cpp:315 EV: Set Reverb Wet Level" 
Debug: "16:54:29 ..\..\src\propertyslider.cpp:315 EV: Set Reverb Wet Level" 
Debug: "16:54:29 ..\..\src\propertyslider.cpp:315 EV: Set Reverb Wet Level" 
Debug: "16:54:29 ..\..\src\propertyslider.cpp:315 EV: Set Reverb Wet Level" 
Debug: "16:54:29 ..\..\src\propertyslider.cpp:315 EV: Set Reverb Wet Level" 
Debug: "16:54:29 ..\..\src\propertyslider.cpp:315 EV: Set Reverb Wet Level" 
Debug: "16:54:29 ..\..\src\propertyslider.cpp:315 EV: Set Reverb Wet Level" 
Debug: "16:54:29 ..\..\src\propertyslider.cpp:315 EV: Set Reverb Wet Level" 
Debug: "16:54:29 ..\..\src\propertyslider.cpp:315 EV: Set Reverb Wet Level" 
Debug: "16:54:29 ..\..\src\propertyslider.cpp:315 EV: Set Reverb Wet Level" 
Debug: "16:54:29 ..\..\src\propertyslider.cpp:315 EV: Set Reverb Wet Level" 
Debug: "16:54:29 ..\..\src\propertyslider.cpp:315 EV: Set Reverb Wet Level" 
Debug: "16:54:29 ..\..\src\propertyslider.cpp:315 EV: Set Reverb Wet Level" 
Debug: "16:54:29 ..\..\src\propertyslider.cpp:315 EV: Set Reverb Wet Level" 
Debug: "16:54:29 ..\..\src\propertyslider.cpp:315 EV: Set Reverb Wet Level" 
Debug: "16:54:29 ..\..\src\propertyslider.cpp:315 EV: Set Reverb Wet Level" 
Debug: "16:54:29 ..\..\src\propertyslider.cpp:315 EV: Set Reverb Wet Level" 
Debug: "16:54:29 ..\..\src\propertyslider.cpp:315 EV: Set Reverb Wet Level" 
Debug: "16:54:29 ..\..\src\propertyslider.cpp:315 EV: Set Reverb Wet Level" 
Debug: "16:54:29 ..\..\src\propertyslider.cpp:315 EV: Set Reverb Wet Level" 
Debug: "16:54:29 ..\..\src\propertyslider.cpp:315 EV: Set Reverb Wet Level" 
Debug: "16:54:29 ..\..\src\propertyslider.cpp:315 EV: Set Reverb Wet Level" 
Debug: "16:54:29 ..\..\src\propertyslider.cpp:315 EV: Set Reverb Wet Level" 
Debug: "16:54:29 ..\..\src\propertyslider.cpp:315 EV: Set Reverb Wet Level" 
Debug: "16:54:29 ..\..\src\propertyslider.cpp:315 EV: Set Reverb Wet Level" 
Debug: "16:54:29 ..\..\src\propertyslider.cpp:315 EV: Set Reverb Wet Level" 
Debug: "16:54:29 ..\..\src\propertyslider.cpp:315 EV: Set Reverb Wet Level" 
Debug: "16:54:29 ..\..\src\propertyslider.cpp:315 EV: Set Reverb Wet Level" 
Debug: "16:54:30 ..\..\src\propertyslider.cpp:315 EV: Set Reverb Wet Level" 
Debug: "16:54:30 ..\..\src\propertyslider.cpp:315 EV: Set Reverb Wet Level" 
Debug: "16:54:30 ..\..\src\propertyslider.cpp:315 EV: Set Reverb Wet Level" 
Debug: "16:54:30 ..\..\src\propertyslider.cpp:315 EV: Set Reverb Wet Level" 
Debug: "16:54:30 ..\..\src\propertyslider.cpp:315 EV: Set Reverb Wet Level" 
Debug: "16:54:30 ..\..\src\propertyslider.cpp:315 EV: Set Reverb Wet Level" 
Debug: "16:54:30 ..\..\src\propertyslider.cpp:315 EV: Set Reverb Wet Level" 
Debug: "16:54:30 ..\..\src\propertyslider.cpp:315 EV: Set Reverb Wet Level" 
Debug: "16:54:30 ..\..\src\propertyslider.cpp:315 EV: Set Reverb Wet Level" 
Debug: "16:54:30 ..\..\src\propertyslider.cpp:315 EV: Set Reverb Wet Level" 
Debug: "16:54:30 ..\..\src\propertyslider.cpp:315 EV: Set Reverb Wet Level" 
Debug: "16:54:30 ..\..\src\propertyslider.cpp:315 EV: Set Reverb Wet Level" 
Debug: "16:54:30 ..\..\src\propertyslider.cpp:315 EV: Set Reverb Wet Level" 
Debug: "16:54:30 ..\..\src\propertyslider.cpp:315 EV: Set Reverb Wet Level" 
Debug: "16:54:30 ..\..\src\propertyslider.cpp:315 EV: Set Reverb Wet Level" 
Debug: "16:54:30 ..\..\src\propertyslider.cpp:315 EV: Set Reverb Wet Level" 
Debug: "16:54:30 ..\..\src\propertyslider.cpp:315 EV: Set Reverb Wet Level" 
Debug: "16:54:30 ..\..\src\propertyslider.cpp:315 EV: Set Reverb Wet Level" 
Debug: "16:54:30 ..\..\src\propertyslider.cpp:315 EV: Set Reverb Wet Level" 
Debug: "16:54:30 ..\..\src\propertyslider.cpp:315 EV: Set Reverb Wet Level" 
Debug: "16:54:30 ..\..\src\propertyslider.cpp:315 EV: Set Reverb Wet Level" 
Debug: "16:54:30 ..\..\src\propertyslider.cpp:315 EV: Set Reverb Wet Level" 
Debug: "16:54:30 ..\..\src\propertyslider.cpp:315 EV: Set Reverb Wet Level" 
Debug: "16:54:30 ..\..\src\propertyslider.cpp:315 EV: Set Reverb Wet Level" 
Debug: "16:54:30 ..\..\src\propertyslider.cpp:315 EV: Set Reverb Wet Level" 
Debug: "16:54:30 ..\..\src\propertyslider.cpp:315 EV: Set Reverb Wet Level" 
Debug: "16:54:30 ..\..\src\propertyslider.cpp:315 EV: Set Reverb Wet Level" 
Debug: "16:54:30 ..\..\src\propertyslider.cpp:315 EV: Set Reverb Wet Level" 
Debug: "16:54:30 ..\..\src\propertyslider.cpp:315 EV: Set Reverb Wet Level" 
Debug: "16:54:30 ..\..\src\propertyslider.cpp:315 EV: Set Reverb Wet Level" 
Debug: "16:54:30 ..\..\src\propertyslider.cpp:315 EV: Set Reverb Wet Level" 
Debug: "16:54:30 ..\..\src\propertyslider.cpp:315 EV: Set Reverb Wet Level" 
Debug: "16:54:31 ..\..\src\propertyslider.cpp:315 EV: Set Reverb Wet Level" 
Debug: "16:54:31 ..\..\src\propertyslider.cpp:315 EV: Set Reverb Wet Level" 
Debug: "16:54:31 ..\..\src\propertyslider.cpp:315 EV: Set Reverb Wet Level" 
Debug: "16:54:31 ..\..\src\propertyslider.cpp:315 EV: Set Reverb Wet Level" 
Debug: "16:54:31 ..\..\src\propertyslider.cpp:315 EV: Set Reverb Wet Level" 
Debug: "16:54:31 ..\..\src\propertyslider.cpp:315 EV: Set Reverb Wet Level" 
Debug: "16:54:31 ..\..\src\propertyslider.cpp:315 EV: Set Reverb Wet Level" 
Debug: "16:54:31 ..\..\src\propertyslider.cpp:315 EV: Set Reverb Wet Level" 
Debug: "16:54:31 ..\..\src\propertyslider.cpp:315 EV: Set Reverb Wet Level" 
Debug: "16:54:31 ..\..\src\propertyslider.cpp:315 EV: Set Reverb Wet Level" 
Debug: "16:54:31 ..\..\src\propertyslider.cpp:315 EV: Set Reverb Wet Level" 
Debug: "16:54:31 ..\..\src\propertyslider.cpp:315 EV: Set Reverb Wet Level" 
Debug: "16:54:31 ..\..\src\propertyslider.cpp:315 EV: Set Reverb Wet Level" 
Debug: "16:54:31 ..\..\src\propertyslider.cpp:315 EV: Set Reverb Wet Level" 
Debug: 
Building project 'fmbirds'...
Debug: Building project C:\Program Files (x86)\Steam\steamapps\common\Don't Starve Together\mods\Mr.Willoughby\sound\fmbirds.fev...
Debug: Unique sound defs 3/4
Debug: Retrieving sound file info...
Debug: Retrieving reverb info...
Debug: FEV file written ok
Debug: Unique Envelope Points: 0 of 0
Debug: Unique Strings: 219 characters of 219
Debug: Caching sound file details for ''...
Debug: sfx\loon\Loon_flyoff_1.mp3
Debug: sfx\loon\Loon_flyoff_2.mp3
Debug: sfx\loon\Loon_flyoff_3.mp3
Debug: sfx\loon\Loon_flyoff_4.mp3
Debug: sfx\loon\Loon_tremolo7.mp3
Debug: sfx\loon\loon_night1.mp3
Debug: sfx\loon\loon_night2.mp3
Debug: sfx\loon\loon_night3.mp3
Debug: sfx\loon\loon_night4.mp3
Debug: sfx\loon\loon_tremolo1.mp3
Debug: sfx\loon\loon_tremolo2.mp3
Debug: sfx\loon\loon_tremolo3.mp3
Debug: sfx\loon\loon_tremolo4.mp3
Debug: sfx\loon\loon_tremolo5.mp3
Debug: sfx\loon\loon_wail2.mp3
Debug: sfx\loon\loon_wail3.mp3
Debug: sfx\loon\loon_wail5.mp3
Debug: sfx\loon\loon_wail6.mp3
Debug: Building 'fmbirds.fsb'
Debug: Encoded C:\Program Files (x86)\Steam\steamapps\common\Don't Starve Together\mods\Mr.Willoughby\sound\sfx\loon\Loon_flyoff_2.mp3
Debug: Encoded C:\Program Files (x86)\Steam\steamapps\common\Don't Starve Together\mods\Mr.Willoughby\sound\sfx\loon\Loon_flyoff_1.mp3
Debug: Encoded C:\Program Files (x86)\Steam\steamapps\common\Don't Starve Together\mods\Mr.Willoughby\sound\sfx\loon\Loon_flyoff_3.mp3
Debug: Encoded C:\Program Files (x86)\Steam\steamapps\common\Don't Starve Together\mods\Mr.Willoughby\sound\sfx\loon\Loon_flyoff_4.mp3
Debug: Encoded C:\Program Files (x86)\Steam\steamapps\common\Don't Starve Together\mods\Mr.Willoughby\sound\sfx\loon\Loon_tremolo7.mp3
Debug: Encoded C:\Program Files (x86)\Steam\steamapps\common\Don't Starve Together\mods\Mr.Willoughby\sound\sfx\loon\loon_night1.mp3
Debug: Encoded C:\Program Files (x86)\Steam\steamapps\common\Don't Starve Together\mods\Mr.Willoughby\sound\sfx\loon\loon_night2.mp3
Debug: Encoded C:\Program Files (x86)\Steam\steamapps\common\Don't Starve Together\mods\Mr.Willoughby\sound\sfx\loon\loon_night4.mp3
Debug: Encoded C:\Program Files (x86)\Steam\steamapps\common\Don't Starve Together\mods\Mr.Willoughby\sound\sfx\loon\loon_tremolo1.mp3
Debug: Encoded C:\Program Files (x86)\Steam\steamapps\common\Don't Starve Together\mods\Mr.Willoughby\sound\sfx\loon\loon_tremolo2.mp3
Debug: Encoded C:\Program Files (x86)\Steam\steamapps\common\Don't Starve Together\mods\Mr.Willoughby\sound\sfx\loon\loon_tremolo3.mp3
Debug: Encoded C:\Program Files (x86)\Steam\steamapps\common\Don't Starve Together\mods\Mr.Willoughby\sound\sfx\loon\loon_tremolo4.mp3
Debug: Encoded C:\Program Files (x86)\Steam\steamapps\common\Don't Starve Together\mods\Mr.Willoughby\sound\sfx\loon\loon_tremolo5.mp3
Debug: Encoded C:\Program Files (x86)\Steam\steamapps\common\Don't Starve Together\mods\Mr.Willoughby\sound\sfx\loon\loon_night3.mp3
Debug: Encoded C:\Program Files (x86)\Steam\steamapps\common\Don't Starve Together\mods\Mr.Willoughby\sound\sfx\loon\loon_wail2.mp3
Debug: Encoded C:\Program Files (x86)\Steam\steamapps\common\Don't Starve Together\mods\Mr.Willoughby\sound\sfx\loon\loon_wail3.mp3
Debug: Encoded C:\Program Files (x86)\Steam\steamapps\common\Don't Starve Together\mods\Mr.Willoughby\sound\sfx\loon\loon_wail5.mp3
Debug: Encoded C:\Program Files (x86)\Steam\steamapps\common\Don't Starve Together\mods\Mr.Willoughby\sound\sfx\loon\loon_wail6.mp3
Debug: Writing FSB...
Debug: Finished building FSB
Debug: 
Debug: 
Summary of build:
SUCCESS: C:/Program Files (x86)/Steam/steamapps/common/Don't Starve Together/mods/Mr.Willoughby/sound/fmbirds.fev
SUCCESS: fmbirds.fsb
